<?xml version="1.0" encoding="UTF-8"?>
<!-- Generated by org.testng.reporters.JUnitReportReporter -->
<testsuite hostname="vtluong" failures="0" tests="1" name="session2.com.testcases.EdxTest" time="7.609" errors="0" timestamp="2023-10-16T22:00:40 ICT" skipped="0">
  <testcase classname="session2.com.testcases.EdxTest" name="EdxAutomation" time="7.609"/>
  <system-out/>
</testsuite> <!-- session2.com.testcases.EdxTest -->
