<?xml version="1.0" encoding="UTF-8"?>
<!-- Generated by org.testng.reporters.JUnitReportReporter -->
<testsuite hostname="vtluong" failures="0" tests="1" name="session2.com.testcases.LoginAppTest" time="12.842" errors="0" timestamp="2023-10-11T22:31:29 ICT" skipped="0">
  <testcase classname="session2.com.testcases.LoginAppTest" name="testHomePageAppearCorrect" time="12.842"/>
  <system-out/>
</testsuite> <!-- session2.com.testcases.LoginAppTest -->
