<?xml version="1.0" encoding="UTF-8"?>
<!-- Generated by org.testng.reporters.JUnitReportReporter -->
<testsuite hostname="vtluong" failures="0" tests="1" name="Edx.com.testcases.EdxTest" time="49.852" errors="0" timestamp="2023-10-25T20:47:34 ICT" skipped="0">
  <testcase classname="Edx.com.testcases.EdxTest" name="EdxAutomation" time="49.852"/>
  <system-out/>
</testsuite> <!-- Edx.com.testcases.EdxTest -->
