<?xml version="1.0" encoding="UTF-8"?>
<!-- Generated by org.testng.reporters.JUnitReportReporter -->
<testsuite hostname="vtluong" failures="0" tests="1" name="Edx.com.testcases.SeleniumWaitsTest" time="5.738" errors="0" timestamp="2023-10-30T09:15:02 ICT" skipped="0">
  <testcase classname="Edx.com.testcases.SeleniumWaitsTest" name="testImplicitWait_WithCustomValue" time="5.738"/>
  <system-out/>
</testsuite> <!-- Edx.com.testcases.SeleniumWaitsTest -->
