<?xml version="1.0" encoding="UTF-8"?>
<!-- Generated by org.testng.reporters.JUnitReportReporter -->
<testsuite hostname="vtluong" failures="0" tests="1" name="Edx.com.testcases.EdxTest" time="67.709" errors="0" timestamp="2023-12-04T15:37:27 ICT" skipped="0">
  <testcase classname="Edx.com.testcases.EdxTest" name="EdxAutomation" time="67.709"/>
  <system-out/>
</testsuite> <!-- Edx.com.testcases.EdxTest -->
