<?xml version="1.0" encoding="UTF-8"?>
<!-- Generated by org.testng.reporters.JUnitReportReporter -->
<testsuite hostname="vtluong" failures="0" tests="1" name="Edx.com.testcases.StaleElementReferenceExceptionHandlingTest" time="7.945" errors="0" timestamp="2023-10-30T09:15:02 ICT" skipped="0">
  <testcase classname="Edx.com.testcases.StaleElementReferenceExceptionHandlingTest" name="testStaleElementReferenceExceptionHandling_usingExplicitWait" time="7.945"/>
  <system-out/>
</testsuite> <!-- Edx.com.testcases.StaleElementReferenceExceptionHandlingTest -->
