<?xml version="1.0" encoding="UTF-8"?>
<!-- Generated by org.testng.reporters.JUnitReportReporter -->
<testsuite hostname="vtluong" failures="0" tests="1" name="Edx.com.testcases.EdxTest" time="83.357" errors="0" timestamp="2023-11-13T15:39:41 ICT" skipped="0">
  <testcase classname="Edx.com.testcases.EdxTest" name="EdxAutomation" time="83.357"/>
  <system-out/>
</testsuite> <!-- Edx.com.testcases.EdxTest -->
