<?xml version="1.0" encoding="UTF-8"?>
<!-- Generated by org.testng.reporters.JUnitReportReporter -->
<testsuite hostname="vtluong" failures="0" tests="1" name="Edx.com.testcases.EdxTest" time="178.658" errors="0" timestamp="2023-12-21T18:55:54 ICT" skipped="0">
  <testcase classname="Edx.com.testcases.EdxTest" name="EdxAutomation" time="178.658"/>
  <system-out/>
</testsuite> <!-- Edx.com.testcases.EdxTest -->
