<?xml version="1.0" encoding="UTF-8"?>
<!-- Generated by org.testng.reporters.JUnitReportReporter -->
<testsuite hostname="vtluong" failures="0" tests="1" name="Edx.com.testcases.EdxTest" time="116.779" errors="0" timestamp="2023-12-15T13:34:39 ICT" skipped="0">
  <testcase classname="Edx.com.testcases.EdxTest" name="EdxAutomation" time="116.779"/>
  <system-out/>
</testsuite> <!-- Edx.com.testcases.EdxTest -->
